ARM GAS  /tmp/ccRsZUa5.s 			page 1


   1              		.cpu cortex-m0
   2              		.eabi_attribute 20, 1
   3              		.eabi_attribute 21, 1
   4              		.eabi_attribute 23, 3
   5              		.eabi_attribute 24, 1
   6              		.eabi_attribute 25, 1
   7              		.eabi_attribute 26, 1
   8              		.eabi_attribute 30, 1
   9              		.eabi_attribute 34, 0
  10              		.eabi_attribute 18, 4
  11              		.file	"portevent.c"
  12              		.text
  13              	.Ltext0:
  14              		.cfi_sections	.debug_frame
  15              		.section	.text.xMBPortEventInit,"ax",%progbits
  16              		.align	1
  17              		.global	xMBPortEventInit
  18              		.arch armv6s-m
  19              		.syntax unified
  20              		.code	16
  21              		.thumb_func
  22              		.fpu softvfp
  24              	xMBPortEventInit:
  25              	.LFB37:
  26              		.file 1 "modbus/port/portevent.c"
   1:modbus/port/portevent.c **** /*
   2:modbus/port/portevent.c ****  * FreeModbus Libary: BARE Port
   3:modbus/port/portevent.c ****  * Copyright (C) 2006 Christian Walter <wolti@sil.at>
   4:modbus/port/portevent.c ****  *
   5:modbus/port/portevent.c ****  * This library is free software; you can redistribute it and/or
   6:modbus/port/portevent.c ****  * modify it under the terms of the GNU Lesser General Public
   7:modbus/port/portevent.c ****  * License as published by the Free Software Foundation; either
   8:modbus/port/portevent.c ****  * version 2.1 of the License, or (at your option) any later version.
   9:modbus/port/portevent.c ****  *
  10:modbus/port/portevent.c ****  * This library is distributed in the hope that it will be useful,
  11:modbus/port/portevent.c ****  * but WITHOUT ANY WARRANTY; without even the implied warranty of
  12:modbus/port/portevent.c ****  * MERCHANTABILITY or FITNESS FOR A PARTICULAR PURPOSE.  See the GNU
  13:modbus/port/portevent.c ****  * Lesser General Public License for more details.
  14:modbus/port/portevent.c ****  *
  15:modbus/port/portevent.c ****  * You should have received a copy of the GNU Lesser General Public
  16:modbus/port/portevent.c ****  * License along with this library; if not, write to the Free Software
  17:modbus/port/portevent.c ****  * Foundation, Inc., 51 Franklin St, Fifth Floor, Boston, MA  02110-1301  USA
  18:modbus/port/portevent.c ****  *
  19:modbus/port/portevent.c ****  * File: $Id$
  20:modbus/port/portevent.c ****  */
  21:modbus/port/portevent.c **** 
  22:modbus/port/portevent.c **** /* ----------------------- Modbus includes ----------------------------------*/
  23:modbus/port/portevent.c **** #include "mb.h"
  24:modbus/port/portevent.c **** #include "mbport.h"
  25:modbus/port/portevent.c **** 
  26:modbus/port/portevent.c **** /* ----------------------- Variables ----------------------------------------*/
  27:modbus/port/portevent.c **** static eMBEventType eQueuedEvent;
  28:modbus/port/portevent.c **** static BOOL     xEventInQueue;
  29:modbus/port/portevent.c **** 
  30:modbus/port/portevent.c **** /* ----------------------- Start implementation -----------------------------*/
  31:modbus/port/portevent.c **** BOOL
  32:modbus/port/portevent.c **** xMBPortEventInit( void )
ARM GAS  /tmp/ccRsZUa5.s 			page 2


  33:modbus/port/portevent.c **** {
  27              		.loc 1 33 1 view -0
  28              		.cfi_startproc
  29              		@ args = 0, pretend = 0, frame = 0
  30              		@ frame_needed = 0, uses_anonymous_args = 0
  31              		@ link register save eliminated.
  34:modbus/port/portevent.c ****     xEventInQueue = FALSE;
  32              		.loc 1 34 5 view .LVU1
  33              		.loc 1 34 19 is_stmt 0 view .LVU2
  34 0000 024B     		ldr	r3, .L2
  35 0002 0022     		movs	r2, #0
  36 0004 1A70     		strb	r2, [r3]
  35:modbus/port/portevent.c ****     return TRUE;
  37              		.loc 1 35 5 is_stmt 1 view .LVU3
  36:modbus/port/portevent.c **** }
  38              		.loc 1 36 1 is_stmt 0 view .LVU4
  39 0006 0120     		movs	r0, #1
  40              		@ sp needed
  41 0008 7047     		bx	lr
  42              	.L3:
  43 000a C046     		.align	2
  44              	.L2:
  45 000c 00000000 		.word	.LANCHOR0
  46              		.cfi_endproc
  47              	.LFE37:
  49              		.section	.text.xMBPortEventPost,"ax",%progbits
  50              		.align	1
  51              		.global	xMBPortEventPost
  52              		.syntax unified
  53              		.code	16
  54              		.thumb_func
  55              		.fpu softvfp
  57              	xMBPortEventPost:
  58              	.LVL0:
  59              	.LFB38:
  37:modbus/port/portevent.c **** 
  38:modbus/port/portevent.c **** BOOL
  39:modbus/port/portevent.c **** xMBPortEventPost( eMBEventType eEvent )
  40:modbus/port/portevent.c **** {
  60              		.loc 1 40 1 is_stmt 1 view -0
  61              		.cfi_startproc
  62              		@ args = 0, pretend = 0, frame = 0
  63              		@ frame_needed = 0, uses_anonymous_args = 0
  64              		@ link register save eliminated.
  41:modbus/port/portevent.c ****     xEventInQueue = TRUE;
  65              		.loc 1 41 5 view .LVU6
  66              		.loc 1 41 19 is_stmt 0 view .LVU7
  67 0000 034B     		ldr	r3, .L5
  68 0002 0122     		movs	r2, #1
  69 0004 1A70     		strb	r2, [r3]
  42:modbus/port/portevent.c ****     eQueuedEvent = eEvent;
  70              		.loc 1 42 5 is_stmt 1 view .LVU8
  71              		.loc 1 42 18 is_stmt 0 view .LVU9
  72 0006 034B     		ldr	r3, .L5+4
  73 0008 1870     		strb	r0, [r3]
  43:modbus/port/portevent.c ****     return TRUE;
  74              		.loc 1 43 5 is_stmt 1 view .LVU10
ARM GAS  /tmp/ccRsZUa5.s 			page 3


  44:modbus/port/portevent.c **** }
  75              		.loc 1 44 1 is_stmt 0 view .LVU11
  76 000a 0120     		movs	r0, #1
  77              	.LVL1:
  78              		.loc 1 44 1 view .LVU12
  79              		@ sp needed
  80 000c 7047     		bx	lr
  81              	.L6:
  82 000e C046     		.align	2
  83              	.L5:
  84 0010 00000000 		.word	.LANCHOR0
  85 0014 00000000 		.word	.LANCHOR1
  86              		.cfi_endproc
  87              	.LFE38:
  89              		.section	.text.xMBPortEventGet,"ax",%progbits
  90              		.align	1
  91              		.global	xMBPortEventGet
  92              		.syntax unified
  93              		.code	16
  94              		.thumb_func
  95              		.fpu softvfp
  97              	xMBPortEventGet:
  98              	.LVL2:
  99              	.LFB39:
  45:modbus/port/portevent.c **** 
  46:modbus/port/portevent.c **** BOOL
  47:modbus/port/portevent.c **** xMBPortEventGet( eMBEventType * eEvent )
  48:modbus/port/portevent.c **** {
 100              		.loc 1 48 1 is_stmt 1 view -0
 101              		.cfi_startproc
 102              		@ args = 0, pretend = 0, frame = 0
 103              		@ frame_needed = 0, uses_anonymous_args = 0
 104              		@ link register save eliminated.
 105              		.loc 1 48 1 is_stmt 0 view .LVU14
 106 0000 0200     		movs	r2, r0
  49:modbus/port/portevent.c ****     BOOL            xEventHappened = FALSE;
 107              		.loc 1 49 5 is_stmt 1 view .LVU15
 108              	.LVL3:
  50:modbus/port/portevent.c **** 
  51:modbus/port/portevent.c ****     if( xEventInQueue )
 109              		.loc 1 51 5 view .LVU16
 110              		.loc 1 51 9 is_stmt 0 view .LVU17
 111 0002 064B     		ldr	r3, .L9
 112 0004 1878     		ldrb	r0, [r3]
 113              	.LVL4:
 114              		.loc 1 51 7 view .LVU18
 115 0006 0028     		cmp	r0, #0
 116 0008 06D0     		beq	.L8
  52:modbus/port/portevent.c ****     {
  53:modbus/port/portevent.c ****         *eEvent = eQueuedEvent;
 117              		.loc 1 53 9 is_stmt 1 view .LVU19
 118              		.loc 1 53 17 is_stmt 0 view .LVU20
 119 000a 054B     		ldr	r3, .L9+4
 120 000c 1B78     		ldrb	r3, [r3]
 121 000e 1370     		strb	r3, [r2]
  54:modbus/port/portevent.c ****         xEventInQueue = FALSE;
 122              		.loc 1 54 9 is_stmt 1 view .LVU21
ARM GAS  /tmp/ccRsZUa5.s 			page 4


 123              		.loc 1 54 23 is_stmt 0 view .LVU22
 124 0010 024B     		ldr	r3, .L9
 125 0012 0022     		movs	r2, #0
 126              	.LVL5:
 127              		.loc 1 54 23 view .LVU23
 128 0014 1A70     		strb	r2, [r3]
  55:modbus/port/portevent.c ****         xEventHappened = TRUE;
 129              		.loc 1 55 9 is_stmt 1 view .LVU24
 130              	.LVL6:
 131              		.loc 1 55 24 is_stmt 0 view .LVU25
 132 0016 0120     		movs	r0, #1
 133              	.LVL7:
 134              	.L8:
  56:modbus/port/portevent.c ****     }
  57:modbus/port/portevent.c ****     return xEventHappened;
 135              		.loc 1 57 5 is_stmt 1 view .LVU26
  58:modbus/port/portevent.c **** }
 136              		.loc 1 58 1 is_stmt 0 view .LVU27
 137              		@ sp needed
 138 0018 7047     		bx	lr
 139              	.L10:
 140 001a C046     		.align	2
 141              	.L9:
 142 001c 00000000 		.word	.LANCHOR0
 143 0020 00000000 		.word	.LANCHOR1
 144              		.cfi_endproc
 145              	.LFE39:
 147              		.section	.bss.eQueuedEvent,"aw",%nobits
 148              		.set	.LANCHOR1,. + 0
 151              	eQueuedEvent:
 152 0000 00       		.space	1
 153              		.section	.bss.xEventInQueue,"aw",%nobits
 154              		.set	.LANCHOR0,. + 0
 157              	xEventInQueue:
 158 0000 00       		.space	1
 159              		.text
 160              	.Letext0:
 161              		.file 2 "/opt/gcc-arm-none-eabi-8-2018-q4-major/arm-none-eabi/include/machine/_default_types.h"
 162              		.file 3 "/opt/gcc-arm-none-eabi-8-2018-q4-major/arm-none-eabi/include/sys/_stdint.h"
 163              		.file 4 "Drivers/CMSIS/Device/ST/STM32F0xx/Include/system_stm32f0xx.h"
 164              		.file 5 "/opt/gcc-arm-none-eabi-8-2018-q4-major/arm-none-eabi/include/sys/lock.h"
 165              		.file 6 "/opt/gcc-arm-none-eabi-8-2018-q4-major/arm-none-eabi/include/sys/_types.h"
 166              		.file 7 "/opt/gcc-arm-none-eabi-8-2018-q4-major/lib/gcc/arm-none-eabi/8.2.1/include/stddef.h"
 167              		.file 8 "/opt/gcc-arm-none-eabi-8-2018-q4-major/arm-none-eabi/include/sys/reent.h"
 168              		.file 9 "modbus/port/port.h"
 169              		.file 10 "modbus/include/mbport.h"
ARM GAS  /tmp/ccRsZUa5.s 			page 5


DEFINED SYMBOLS
                            *ABS*:0000000000000000 portevent.c
     /tmp/ccRsZUa5.s:16     .text.xMBPortEventInit:0000000000000000 $t
     /tmp/ccRsZUa5.s:24     .text.xMBPortEventInit:0000000000000000 xMBPortEventInit
     /tmp/ccRsZUa5.s:45     .text.xMBPortEventInit:000000000000000c $d
     /tmp/ccRsZUa5.s:50     .text.xMBPortEventPost:0000000000000000 $t
     /tmp/ccRsZUa5.s:57     .text.xMBPortEventPost:0000000000000000 xMBPortEventPost
     /tmp/ccRsZUa5.s:84     .text.xMBPortEventPost:0000000000000010 $d
     /tmp/ccRsZUa5.s:90     .text.xMBPortEventGet:0000000000000000 $t
     /tmp/ccRsZUa5.s:97     .text.xMBPortEventGet:0000000000000000 xMBPortEventGet
     /tmp/ccRsZUa5.s:142    .text.xMBPortEventGet:000000000000001c $d
     /tmp/ccRsZUa5.s:151    .bss.eQueuedEvent:0000000000000000 eQueuedEvent
     /tmp/ccRsZUa5.s:152    .bss.eQueuedEvent:0000000000000000 $d
     /tmp/ccRsZUa5.s:157    .bss.xEventInQueue:0000000000000000 xEventInQueue
     /tmp/ccRsZUa5.s:158    .bss.xEventInQueue:0000000000000000 $d

NO UNDEFINED SYMBOLS
