ARM GAS  /tmp/ccpyjdN4.s 			page 1


   1              		.cpu cortex-m0
   2              		.eabi_attribute 20, 1
   3              		.eabi_attribute 21, 1
   4              		.eabi_attribute 23, 3
   5              		.eabi_attribute 24, 1
   6              		.eabi_attribute 25, 1
   7              		.eabi_attribute 26, 1
   8              		.eabi_attribute 30, 1
   9              		.eabi_attribute 34, 0
  10              		.eabi_attribute 18, 4
  11              		.file	"stm32f0xx_it.c"
  12              		.text
  13              	.Ltext0:
  14              		.cfi_sections	.debug_frame
  15              		.section	.text.NMI_Handler,"ax",%progbits
  16              		.align	1
  17              		.global	NMI_Handler
  18              		.arch armv6s-m
  19              		.syntax unified
  20              		.code	16
  21              		.thumb_func
  22              		.fpu softvfp
  24              	NMI_Handler:
  25              	.LFB37:
  26              		.file 1 "Src/stm32f0xx_it.c"
   1:Src/stm32f0xx_it.c **** /* USER CODE BEGIN Header */
   2:Src/stm32f0xx_it.c **** /**
   3:Src/stm32f0xx_it.c ****   ******************************************************************************
   4:Src/stm32f0xx_it.c ****   * @file    stm32f0xx_it.c
   5:Src/stm32f0xx_it.c ****   * @brief   Interrupt Service Routines.
   6:Src/stm32f0xx_it.c ****   ******************************************************************************
   7:Src/stm32f0xx_it.c ****   * @attention
   8:Src/stm32f0xx_it.c ****   *
   9:Src/stm32f0xx_it.c ****   * <h2><center>&copy; Copyright (c) 2019 STMicroelectronics.
  10:Src/stm32f0xx_it.c ****   * All rights reserved.</center></h2>
  11:Src/stm32f0xx_it.c ****   *
  12:Src/stm32f0xx_it.c ****   * This software component is licensed by ST under BSD 3-Clause license,
  13:Src/stm32f0xx_it.c ****   * the "License"; You may not use this file except in compliance with the
  14:Src/stm32f0xx_it.c ****   * License. You may obtain a copy of the License at:
  15:Src/stm32f0xx_it.c ****   *                        opensource.org/licenses/BSD-3-Clause
  16:Src/stm32f0xx_it.c ****   *
  17:Src/stm32f0xx_it.c ****   ******************************************************************************
  18:Src/stm32f0xx_it.c ****   */
  19:Src/stm32f0xx_it.c **** /* USER CODE END Header */
  20:Src/stm32f0xx_it.c **** 
  21:Src/stm32f0xx_it.c **** /* Includes ------------------------------------------------------------------*/
  22:Src/stm32f0xx_it.c **** #include "main.h"
  23:Src/stm32f0xx_it.c **** #include "stm32f0xx_it.h"
  24:Src/stm32f0xx_it.c **** /* Private includes ----------------------------------------------------------*/
  25:Src/stm32f0xx_it.c **** /* USER CODE BEGIN Includes */
  26:Src/stm32f0xx_it.c **** /* USER CODE END Includes */
  27:Src/stm32f0xx_it.c **** 
  28:Src/stm32f0xx_it.c **** /* Private typedef -----------------------------------------------------------*/
  29:Src/stm32f0xx_it.c **** /* USER CODE BEGIN TD */
  30:Src/stm32f0xx_it.c **** 
  31:Src/stm32f0xx_it.c **** /* USER CODE END TD */
  32:Src/stm32f0xx_it.c **** 
ARM GAS  /tmp/ccpyjdN4.s 			page 2


  33:Src/stm32f0xx_it.c **** /* Private define ------------------------------------------------------------*/
  34:Src/stm32f0xx_it.c **** /* USER CODE BEGIN PD */
  35:Src/stm32f0xx_it.c ****  
  36:Src/stm32f0xx_it.c **** /* USER CODE END PD */
  37:Src/stm32f0xx_it.c **** 
  38:Src/stm32f0xx_it.c **** /* Private macro -------------------------------------------------------------*/
  39:Src/stm32f0xx_it.c **** /* USER CODE BEGIN PM */
  40:Src/stm32f0xx_it.c **** 
  41:Src/stm32f0xx_it.c **** /* USER CODE END PM */
  42:Src/stm32f0xx_it.c **** 
  43:Src/stm32f0xx_it.c **** /* Private variables ---------------------------------------------------------*/
  44:Src/stm32f0xx_it.c **** /* USER CODE BEGIN PV */
  45:Src/stm32f0xx_it.c **** 
  46:Src/stm32f0xx_it.c **** /* USER CODE END PV */
  47:Src/stm32f0xx_it.c **** 
  48:Src/stm32f0xx_it.c **** /* Private function prototypes -----------------------------------------------*/
  49:Src/stm32f0xx_it.c **** /* USER CODE BEGIN PFP */
  50:Src/stm32f0xx_it.c **** 
  51:Src/stm32f0xx_it.c **** /* USER CODE END PFP */
  52:Src/stm32f0xx_it.c **** 
  53:Src/stm32f0xx_it.c **** /* Private user code ---------------------------------------------------------*/
  54:Src/stm32f0xx_it.c **** /* USER CODE BEGIN 0 */
  55:Src/stm32f0xx_it.c **** 
  56:Src/stm32f0xx_it.c **** /* USER CODE END 0 */
  57:Src/stm32f0xx_it.c **** 
  58:Src/stm32f0xx_it.c **** /* External variables --------------------------------------------------------*/
  59:Src/stm32f0xx_it.c **** extern UART_HandleTypeDef huart1;
  60:Src/stm32f0xx_it.c **** extern UART_HandleTypeDef huart2;
  61:Src/stm32f0xx_it.c **** /* USER CODE BEGIN EV */
  62:Src/stm32f0xx_it.c **** 
  63:Src/stm32f0xx_it.c **** /* USER CODE END EV */
  64:Src/stm32f0xx_it.c **** 
  65:Src/stm32f0xx_it.c **** /******************************************************************************/
  66:Src/stm32f0xx_it.c **** /*           Cortex-M0 Processor Interruption and Exception Handlers          */ 
  67:Src/stm32f0xx_it.c **** /******************************************************************************/
  68:Src/stm32f0xx_it.c **** /**
  69:Src/stm32f0xx_it.c ****   * @brief This function handles Non maskable interrupt.
  70:Src/stm32f0xx_it.c ****   */
  71:Src/stm32f0xx_it.c **** void NMI_Handler(void)
  72:Src/stm32f0xx_it.c **** {
  27              		.loc 1 72 1 view -0
  28              		.cfi_startproc
  29              		@ args = 0, pretend = 0, frame = 0
  30              		@ frame_needed = 0, uses_anonymous_args = 0
  31              		@ link register save eliminated.
  73:Src/stm32f0xx_it.c ****   /* USER CODE BEGIN NonMaskableInt_IRQn 0 */
  74:Src/stm32f0xx_it.c **** 
  75:Src/stm32f0xx_it.c ****   /* USER CODE END NonMaskableInt_IRQn 0 */
  76:Src/stm32f0xx_it.c ****   /* USER CODE BEGIN NonMaskableInt_IRQn 1 */
  77:Src/stm32f0xx_it.c **** 
  78:Src/stm32f0xx_it.c ****   /* USER CODE END NonMaskableInt_IRQn 1 */
  79:Src/stm32f0xx_it.c **** }
  32              		.loc 1 79 1 view .LVU1
  33              		@ sp needed
  34 0000 7047     		bx	lr
  35              		.cfi_endproc
  36              	.LFE37:
ARM GAS  /tmp/ccpyjdN4.s 			page 3


  38              		.section	.text.HardFault_Handler,"ax",%progbits
  39              		.align	1
  40              		.global	HardFault_Handler
  41              		.syntax unified
  42              		.code	16
  43              		.thumb_func
  44              		.fpu softvfp
  46              	HardFault_Handler:
  47              	.LFB38:
  80:Src/stm32f0xx_it.c **** 
  81:Src/stm32f0xx_it.c **** /**
  82:Src/stm32f0xx_it.c ****   * @brief This function handles Hard fault interrupt.
  83:Src/stm32f0xx_it.c ****   */
  84:Src/stm32f0xx_it.c **** void HardFault_Handler(void)
  85:Src/stm32f0xx_it.c **** {
  48              		.loc 1 85 1 view -0
  49              		.cfi_startproc
  50              		@ Volatile: function does not return.
  51              		@ args = 0, pretend = 0, frame = 0
  52              		@ frame_needed = 0, uses_anonymous_args = 0
  53              		@ link register save eliminated.
  54              	.L3:
  86:Src/stm32f0xx_it.c ****   /* USER CODE BEGIN HardFault_IRQn 0 */
  87:Src/stm32f0xx_it.c **** 
  88:Src/stm32f0xx_it.c ****   /* USER CODE END HardFault_IRQn 0 */
  89:Src/stm32f0xx_it.c ****   while (1)
  55              		.loc 1 89 3 discriminator 1 view .LVU3
  90:Src/stm32f0xx_it.c ****   {
  91:Src/stm32f0xx_it.c ****     /* USER CODE BEGIN W1_HardFault_IRQn 0 */
  92:Src/stm32f0xx_it.c ****     /* USER CODE END W1_HardFault_IRQn 0 */
  93:Src/stm32f0xx_it.c ****   }
  56              		.loc 1 93 3 discriminator 1 view .LVU4
  57 0000 FEE7     		b	.L3
  58              		.cfi_endproc
  59              	.LFE38:
  61              		.section	.text.SVC_Handler,"ax",%progbits
  62              		.align	1
  63              		.global	SVC_Handler
  64              		.syntax unified
  65              		.code	16
  66              		.thumb_func
  67              		.fpu softvfp
  69              	SVC_Handler:
  70              	.LFB39:
  94:Src/stm32f0xx_it.c **** }
  95:Src/stm32f0xx_it.c **** 
  96:Src/stm32f0xx_it.c **** /**
  97:Src/stm32f0xx_it.c ****   * @brief This function handles System service call via SWI instruction.
  98:Src/stm32f0xx_it.c ****   */
  99:Src/stm32f0xx_it.c **** void SVC_Handler(void)
 100:Src/stm32f0xx_it.c **** {
  71              		.loc 1 100 1 view -0
  72              		.cfi_startproc
  73              		@ args = 0, pretend = 0, frame = 0
  74              		@ frame_needed = 0, uses_anonymous_args = 0
  75              		@ link register save eliminated.
 101:Src/stm32f0xx_it.c ****   /* USER CODE BEGIN SVC_IRQn 0 */
ARM GAS  /tmp/ccpyjdN4.s 			page 4


 102:Src/stm32f0xx_it.c **** 
 103:Src/stm32f0xx_it.c ****   /* USER CODE END SVC_IRQn 0 */
 104:Src/stm32f0xx_it.c ****   /* USER CODE BEGIN SVC_IRQn 1 */
 105:Src/stm32f0xx_it.c **** 
 106:Src/stm32f0xx_it.c ****   /* USER CODE END SVC_IRQn 1 */
 107:Src/stm32f0xx_it.c **** }
  76              		.loc 1 107 1 view .LVU6
  77              		@ sp needed
  78 0000 7047     		bx	lr
  79              		.cfi_endproc
  80              	.LFE39:
  82              		.section	.text.PendSV_Handler,"ax",%progbits
  83              		.align	1
  84              		.global	PendSV_Handler
  85              		.syntax unified
  86              		.code	16
  87              		.thumb_func
  88              		.fpu softvfp
  90              	PendSV_Handler:
  91              	.LFB40:
 108:Src/stm32f0xx_it.c **** 
 109:Src/stm32f0xx_it.c **** /**
 110:Src/stm32f0xx_it.c ****   * @brief This function handles Pendable request for system service.
 111:Src/stm32f0xx_it.c ****   */
 112:Src/stm32f0xx_it.c **** void PendSV_Handler(void)
 113:Src/stm32f0xx_it.c **** {
  92              		.loc 1 113 1 view -0
  93              		.cfi_startproc
  94              		@ args = 0, pretend = 0, frame = 0
  95              		@ frame_needed = 0, uses_anonymous_args = 0
  96              		@ link register save eliminated.
 114:Src/stm32f0xx_it.c ****   /* USER CODE BEGIN PendSV_IRQn 0 */
 115:Src/stm32f0xx_it.c **** 
 116:Src/stm32f0xx_it.c ****   /* USER CODE END PendSV_IRQn 0 */
 117:Src/stm32f0xx_it.c ****   /* USER CODE BEGIN PendSV_IRQn 1 */
 118:Src/stm32f0xx_it.c **** 
 119:Src/stm32f0xx_it.c ****   /* USER CODE END PendSV_IRQn 1 */
 120:Src/stm32f0xx_it.c **** }
  97              		.loc 1 120 1 view .LVU8
  98              		@ sp needed
  99 0000 7047     		bx	lr
 100              		.cfi_endproc
 101              	.LFE40:
 103              		.section	.text.SysTick_Handler,"ax",%progbits
 104              		.align	1
 105              		.global	SysTick_Handler
 106              		.syntax unified
 107              		.code	16
 108              		.thumb_func
 109              		.fpu softvfp
 111              	SysTick_Handler:
 112              	.LFB41:
 121:Src/stm32f0xx_it.c **** 
 122:Src/stm32f0xx_it.c **** /**
 123:Src/stm32f0xx_it.c ****   * @brief This function handles System tick timer.
 124:Src/stm32f0xx_it.c ****   */
 125:Src/stm32f0xx_it.c **** void SysTick_Handler(void)
ARM GAS  /tmp/ccpyjdN4.s 			page 5


 126:Src/stm32f0xx_it.c **** {
 113              		.loc 1 126 1 view -0
 114              		.cfi_startproc
 115              		@ args = 0, pretend = 0, frame = 0
 116              		@ frame_needed = 0, uses_anonymous_args = 0
 117 0000 10B5     		push	{r4, lr}
 118              	.LCFI0:
 119              		.cfi_def_cfa_offset 8
 120              		.cfi_offset 4, -8
 121              		.cfi_offset 14, -4
 127:Src/stm32f0xx_it.c ****   /* USER CODE BEGIN SysTick_IRQn 0 */
 128:Src/stm32f0xx_it.c **** 
 129:Src/stm32f0xx_it.c ****   /* USER CODE END SysTick_IRQn 0 */
 130:Src/stm32f0xx_it.c ****   HAL_IncTick();
 122              		.loc 1 130 3 view .LVU10
 123 0002 FFF7FEFF 		bl	HAL_IncTick
 124              	.LVL0:
 131:Src/stm32f0xx_it.c ****   /* USER CODE BEGIN SysTick_IRQn 1 */
 132:Src/stm32f0xx_it.c **** 
 133:Src/stm32f0xx_it.c ****   /* USER CODE END SysTick_IRQn 1 */
 134:Src/stm32f0xx_it.c **** }
 125              		.loc 1 134 1 is_stmt 0 view .LVU11
 126              		@ sp needed
 127 0006 10BD     		pop	{r4, pc}
 128              		.cfi_endproc
 129              	.LFE41:
 131              		.section	.text.USART1_IRQHandler,"ax",%progbits
 132              		.align	1
 133              		.global	USART1_IRQHandler
 134              		.syntax unified
 135              		.code	16
 136              		.thumb_func
 137              		.fpu softvfp
 139              	USART1_IRQHandler:
 140              	.LFB42:
 135:Src/stm32f0xx_it.c **** 
 136:Src/stm32f0xx_it.c **** /******************************************************************************/
 137:Src/stm32f0xx_it.c **** /* STM32F0xx Peripheral Interrupt Handlers                                    */
 138:Src/stm32f0xx_it.c **** /* Add here the Interrupt Handlers for the used peripherals.                  */
 139:Src/stm32f0xx_it.c **** /* For the available peripheral interrupt handler names,                      */
 140:Src/stm32f0xx_it.c **** /* please refer to the startup file (startup_stm32f0xx.s).                    */
 141:Src/stm32f0xx_it.c **** /******************************************************************************/
 142:Src/stm32f0xx_it.c **** 
 143:Src/stm32f0xx_it.c **** /**
 144:Src/stm32f0xx_it.c ****   * @brief This function handles USART1 global interrupt.
 145:Src/stm32f0xx_it.c ****   */
 146:Src/stm32f0xx_it.c **** void USART1_IRQHandler(void)
 147:Src/stm32f0xx_it.c **** {
 141              		.loc 1 147 1 is_stmt 1 view -0
 142              		.cfi_startproc
 143              		@ args = 0, pretend = 0, frame = 0
 144              		@ frame_needed = 0, uses_anonymous_args = 0
 145 0000 10B5     		push	{r4, lr}
 146              	.LCFI1:
 147              		.cfi_def_cfa_offset 8
 148              		.cfi_offset 4, -8
 149              		.cfi_offset 14, -4
ARM GAS  /tmp/ccpyjdN4.s 			page 6


 148:Src/stm32f0xx_it.c ****   /* USER CODE BEGIN USART1_IRQn 0 */
 149:Src/stm32f0xx_it.c ****   //HAL_GPIO_WritePin(GPIOB,GPIO_PIN_6,GPIO_PIN_SET);
 150:Src/stm32f0xx_it.c ****   //HAL_GPIO_TogglePin(GPIOB, GPIO_PIN_6);
 151:Src/stm32f0xx_it.c ****   /* USER CODE END USART1_IRQn 0 */
 152:Src/stm32f0xx_it.c ****   HAL_UART_IRQHandler(&huart1);
 150              		.loc 1 152 3 view .LVU13
 151 0002 0248     		ldr	r0, .L8
 152 0004 FFF7FEFF 		bl	HAL_UART_IRQHandler
 153              	.LVL1:
 153:Src/stm32f0xx_it.c ****   /* USER CODE BEGIN USART1_IRQn 1 */
 154:Src/stm32f0xx_it.c **** 
 155:Src/stm32f0xx_it.c ****   /* USER CODE END USART1_IRQn 1 */
 156:Src/stm32f0xx_it.c **** }
 154              		.loc 1 156 1 is_stmt 0 view .LVU14
 155              		@ sp needed
 156 0008 10BD     		pop	{r4, pc}
 157              	.L9:
 158 000a C046     		.align	2
 159              	.L8:
 160 000c 00000000 		.word	huart1
 161              		.cfi_endproc
 162              	.LFE42:
 164              		.section	.text.USART2_IRQHandler,"ax",%progbits
 165              		.align	1
 166              		.global	USART2_IRQHandler
 167              		.syntax unified
 168              		.code	16
 169              		.thumb_func
 170              		.fpu softvfp
 172              	USART2_IRQHandler:
 173              	.LFB43:
 157:Src/stm32f0xx_it.c **** 
 158:Src/stm32f0xx_it.c **** /**
 159:Src/stm32f0xx_it.c ****   * @brief This function handles USART2 global interrupt.
 160:Src/stm32f0xx_it.c ****   */
 161:Src/stm32f0xx_it.c **** void USART2_IRQHandler(void)
 162:Src/stm32f0xx_it.c **** {
 174              		.loc 1 162 1 is_stmt 1 view -0
 175              		.cfi_startproc
 176              		@ args = 0, pretend = 0, frame = 0
 177              		@ frame_needed = 0, uses_anonymous_args = 0
 178 0000 10B5     		push	{r4, lr}
 179              	.LCFI2:
 180              		.cfi_def_cfa_offset 8
 181              		.cfi_offset 4, -8
 182              		.cfi_offset 14, -4
 163:Src/stm32f0xx_it.c ****   /* USER CODE BEGIN USART2_IRQn 0 */
 164:Src/stm32f0xx_it.c **** 
 165:Src/stm32f0xx_it.c ****   /* USER CODE END USART2_IRQn 0 */
 166:Src/stm32f0xx_it.c ****   HAL_UART_IRQHandler(&huart2);
 183              		.loc 1 166 3 view .LVU16
 184 0002 0248     		ldr	r0, .L11
 185 0004 FFF7FEFF 		bl	HAL_UART_IRQHandler
 186              	.LVL2:
 167:Src/stm32f0xx_it.c ****   /* USER CODE BEGIN USART2_IRQn 1 */
 168:Src/stm32f0xx_it.c **** 
 169:Src/stm32f0xx_it.c ****   /* USER CODE END USART2_IRQn 1 */
ARM GAS  /tmp/ccpyjdN4.s 			page 7


 170:Src/stm32f0xx_it.c **** }
 187              		.loc 1 170 1 is_stmt 0 view .LVU17
 188              		@ sp needed
 189 0008 10BD     		pop	{r4, pc}
 190              	.L12:
 191 000a C046     		.align	2
 192              	.L11:
 193 000c 00000000 		.word	huart2
 194              		.cfi_endproc
 195              	.LFE43:
 197              		.text
 198              	.Letext0:
 199              		.file 2 "/opt/gcc-arm-none-eabi-8-2018-q4-major/arm-none-eabi/include/machine/_default_types.h"
 200              		.file 3 "/opt/gcc-arm-none-eabi-8-2018-q4-major/arm-none-eabi/include/sys/_stdint.h"
 201              		.file 4 "Drivers/CMSIS/Device/ST/STM32F0xx/Include/system_stm32f0xx.h"
 202              		.file 5 "Drivers/CMSIS/Device/ST/STM32F0xx/Include/stm32f070x6.h"
 203              		.file 6 "/opt/gcc-arm-none-eabi-8-2018-q4-major/arm-none-eabi/include/sys/lock.h"
 204              		.file 7 "/opt/gcc-arm-none-eabi-8-2018-q4-major/arm-none-eabi/include/sys/_types.h"
 205              		.file 8 "/opt/gcc-arm-none-eabi-8-2018-q4-major/lib/gcc/arm-none-eabi/8.2.1/include/stddef.h"
 206              		.file 9 "/opt/gcc-arm-none-eabi-8-2018-q4-major/arm-none-eabi/include/sys/reent.h"
 207              		.file 10 "Drivers/STM32F0xx_HAL_Driver/Inc/stm32f0xx_hal_def.h"
 208              		.file 11 "Drivers/STM32F0xx_HAL_Driver/Inc/stm32f0xx_hal_dma.h"
 209              		.file 12 "Drivers/STM32F0xx_HAL_Driver/Inc/stm32f0xx_hal_uart.h"
 210              		.file 13 "Drivers/STM32F0xx_HAL_Driver/Inc/stm32f0xx_hal.h"
ARM GAS  /tmp/ccpyjdN4.s 			page 8


DEFINED SYMBOLS
                            *ABS*:0000000000000000 stm32f0xx_it.c
     /tmp/ccpyjdN4.s:16     .text.NMI_Handler:0000000000000000 $t
     /tmp/ccpyjdN4.s:24     .text.NMI_Handler:0000000000000000 NMI_Handler
     /tmp/ccpyjdN4.s:39     .text.HardFault_Handler:0000000000000000 $t
     /tmp/ccpyjdN4.s:46     .text.HardFault_Handler:0000000000000000 HardFault_Handler
     /tmp/ccpyjdN4.s:62     .text.SVC_Handler:0000000000000000 $t
     /tmp/ccpyjdN4.s:69     .text.SVC_Handler:0000000000000000 SVC_Handler
     /tmp/ccpyjdN4.s:83     .text.PendSV_Handler:0000000000000000 $t
     /tmp/ccpyjdN4.s:90     .text.PendSV_Handler:0000000000000000 PendSV_Handler
     /tmp/ccpyjdN4.s:104    .text.SysTick_Handler:0000000000000000 $t
     /tmp/ccpyjdN4.s:111    .text.SysTick_Handler:0000000000000000 SysTick_Handler
     /tmp/ccpyjdN4.s:132    .text.USART1_IRQHandler:0000000000000000 $t
     /tmp/ccpyjdN4.s:139    .text.USART1_IRQHandler:0000000000000000 USART1_IRQHandler
     /tmp/ccpyjdN4.s:160    .text.USART1_IRQHandler:000000000000000c $d
     /tmp/ccpyjdN4.s:165    .text.USART2_IRQHandler:0000000000000000 $t
     /tmp/ccpyjdN4.s:172    .text.USART2_IRQHandler:0000000000000000 USART2_IRQHandler
     /tmp/ccpyjdN4.s:193    .text.USART2_IRQHandler:000000000000000c $d

UNDEFINED SYMBOLS
HAL_IncTick
HAL_UART_IRQHandler
huart1
huart2
